Hmm ... looks like a package

This is pdfTeX, Version 3.14159265-2.6-1.40.15 (TeX Live 2014) (preloaded format=pdflatex)
 restricted \write18 enabled.
entering extended mode

(/private/var/folders/sq/q7jfyjcn0nnfz14cpmbsbt7r002mk0/T/Rtmp4krcK6/Rd2pdfc2ed
6467f36c/Rd2.tex
LaTeX2e <2014/05/01>
Babel <3.9k> and hyphenation patterns for 78 languages loaded.

(/usr/local/texlive/2014/texmf-dist/tex/latex/base/book.cls
Document Class: book 2007/10/19 v1.4h Standard LaTeX document class
(/usr/local/texlive/2014/texmf-dist/tex/latex/base/bk10.clo))
(/Library/Frameworks/R.framework/Resources/share/texmf/tex/latex/Rd.sty
(/usr/local/texlive/2014/texmf-dist/tex/latex/base/ifthen.sty)
(/usr/local/texlive/2014/texmf-dist/tex/latex/tools/longtable.sty)
(/usr/local/texlive/2014/texmf-dist/tex/latex/tools/bm.sty)
(/usr/local/texlive/2014/texmf-dist/tex/latex/base/alltt.sty)
(/usr/local/texlive/2014/texmf-dist/tex/latex/tools/verbatim.sty)
(/usr/local/texlive/2014/texmf-dist/tex/latex/url/url.sty)
(/usr/local/texlive/2014/texmf-dist/tex/latex/base/textcomp.sty
(/usr/local/texlive/2014/texmf-dist/tex/latex/base/ts1enc.def))
(/usr/local/texlive/2014/texmf-dist/tex/latex/base/fontenc.sty
(/usr/local/texlive/2014/texmf-dist/tex/latex/base/t1enc.def))
(/usr/local/texlive/2014/texmf-dist/tex/latex/psnfss/times.sty)
(/usr/local/texlive/2014/texmf-dist/tex/latex/inconsolata/inconsolata.sty
(/usr/local/texlive/2014/texmf-dist/tex/latex/graphics/keyval.sty))
(/usr/local/texlive/2014/texmf-dist/tex/latex/graphics/color.sty
(/usr/local/texlive/2014/texmf-dist/tex/latex/latexconfig/color.cfg)
(/usr/local/texlive/2014/texmf-dist/tex/latex/pdftex-def/pdftex.def
(/usr/local/texlive/2014/texmf-dist/tex/generic/oberdiek/infwarerr.sty)
(/usr/local/texlive/2014/texmf-dist/tex/generic/oberdiek/ltxcmds.sty)))
(/usr/local/texlive/2014/texmf-dist/tex/latex/hyperref/hyperref.sty
(/usr/local/texlive/2014/texmf-dist/tex/generic/oberdiek/hobsub-hyperref.sty
(/usr/local/texlive/2014/texmf-dist/tex/generic/oberdiek/hobsub-generic.sty))
(/usr/local/texlive/2014/texmf-dist/tex/generic/ifxetex/ifxetex.sty)
(/usr/local/texlive/2014/texmf-dist/tex/latex/oberdiek/auxhook.sty)
(/usr/local/texlive/2014/texmf-dist/tex/latex/oberdiek/kvoptions.sty)
(/usr/local/texlive/2014/texmf-dist/tex/latex/hyperref/pd1enc.def)
(/usr/local/texlive/2014/texmf-dist/tex/latex/latexconfig/hyperref.cfg))

Package hyperref Message: Driver (autodetected): hpdftex.

(/usr/local/texlive/2014/texmf-dist/tex/latex/hyperref/hpdftex.def
(/usr/local/texlive/2014/texmf-dist/tex/latex/oberdiek/rerunfilecheck.sty))

Package hyperref Warning: Option `hyperindex' has already been used,
(hyperref)                setting the option has no effect on input line 361.


Package hyperref Warning: Option `pagebackref' has already been used,
(hyperref)                setting the option has no effect on input line 361.

) (/usr/local/texlive/2014/texmf-dist/tex/latex/base/makeidx.sty)
(/usr/local/texlive/2014/texmf-dist/tex/latex/base/inputenc.sty
(/usr/local/texlive/2014/texmf-dist/tex/latex/base/utf8.def
(/usr/local/texlive/2014/texmf-dist/tex/latex/base/t1enc.dfu)
(/usr/local/texlive/2014/texmf-dist/tex/latex/base/ot1enc.dfu)
(/usr/local/texlive/2014/texmf-dist/tex/latex/base/omsenc.dfu)
(/usr/local/texlive/2014/texmf-dist/tex/latex/base/ts1enc.dfu))
(/usr/local/texlive/2014/texmf-dist/tex/latex/base/latin1.def))
Writing index file Rd2.idx
No file Rd2.aux.
(/usr/local/texlive/2014/texmf-dist/tex/latex/base/ts1cmr.fd)
(/usr/local/texlive/2014/texmf-dist/tex/latex/psnfss/t1ptm.fd)
(/usr/local/texlive/2014/texmf-dist/tex/latex/upquote/upquote.sty)
(/usr/local/texlive/2014/texmf-dist/tex/context/base/supp-pdf.mkii
[Loading MPS to PDF converter (version 2006.09.02).]
) (/usr/local/texlive/2014/texmf-dist/tex/latex/hyperref/nameref.sty
(/usr/local/texlive/2014/texmf-dist/tex/generic/oberdiek/gettitlestring.sty))
(/usr/local/texlive/2014/texmf-dist/tex/latex/inconsolata/t1zi4.fd)
(/usr/local/texlive/2014/texmf-dist/tex/latex/psnfss/ts1ptm.fd)
(/usr/local/texlive/2014/texmf-dist/tex/latex/psnfss/t1phv.fd)
(/usr/local/texlive/2014/texmf-dist/tex/latex/base/utf8.def) [1{/usr/local/texl
ive/2014/texmf-var/fonts/map/pdftex/updmap/pdftex.map}]
(/usr/local/texlive/2014/texmf-dist/tex/latex/base/utf8.def) [2]
(/usr/local/texlive/2014/texmf-dist/tex/latex/base/utf8.def) [3]
(/usr/local/texlive/2014/texmf-dist/tex/latex/base/utf8.def) [4]
(/usr/local/texlive/2014/texmf-dist/tex/latex/base/utf8.def)
(/usr/local/texlive/2014/texmf-dist/tex/latex/inconsolata/ts1zi4.fd)
(/usr/local/texlive/2014/texmf-dist/tex/latex/base/utf8.def) [5]
(/usr/local/texlive/2014/texmf-dist/tex/latex/base/utf8.def) [6]
(/usr/local/texlive/2014/texmf-dist/tex/latex/base/utf8.def)
Overfull \hbox (17.89801pt too wide) in paragraph at lines 321--322
[]\T1/ptm/m/n/10 General fold-ing of a ma-trix into a Ten-sor. This is de-signe
d to be the in-verse func-tion to [][]\T1/zi4/m/n/10 unfold-methods[][][]\T1/pt
m/m/n/10 ,
(/usr/local/texlive/2014/texmf-dist/tex/latex/base/utf8.def) [7]
(/usr/local/texlive/2014/texmf-dist/tex/latex/base/utf8.def) [8]
(/usr/local/texlive/2014/texmf-dist/tex/latex/base/utf8.def) [9]
(/usr/local/texlive/2014/texmf-dist/tex/latex/base/utf8.def)
(/usr/local/texlive/2014/texmf-dist/tex/latex/base/utf8.def) [10]
(/usr/local/texlive/2014/texmf-dist/tex/latex/base/utf8.def) [11]
(/usr/local/texlive/2014/texmf-dist/tex/latex/base/utf8.def)
(/usr/local/texlive/2014/texmf-dist/tex/latex/base/utf8.def) [12]
(/usr/local/texlive/2014/texmf-dist/tex/latex/base/utf8.def) [13]
(/usr/local/texlive/2014/texmf-dist/tex/latex/base/utf8.def) [14]
(/usr/local/texlive/2014/texmf-dist/tex/latex/base/utf8.def)
(/usr/local/texlive/2014/texmf-dist/tex/latex/base/utf8.def) [15]
(/usr/local/texlive/2014/texmf-dist/tex/latex/base/utf8.def) [16]
(/usr/local/texlive/2014/texmf-dist/tex/latex/base/utf8.def) [17]
(/usr/local/texlive/2014/texmf-dist/tex/latex/base/utf8.def) [18]
(/usr/local/texlive/2014/texmf-dist/tex/latex/base/utf8.def)
(/usr/local/texlive/2014/texmf-dist/tex/latex/base/utf8.def) [19]
Overfull \hbox (3.3858pt too wide) in paragraph at lines 1070--1071
[]\T1/ptm/m/n/10 The de-fault Pop-u-la-tion Value De-com-po-si-tion (PVD) of a 
se-ries of 2D im-ages. Con-structs population-
(/usr/local/texlive/2014/texmf-dist/tex/latex/base/utf8.def) [20]
(/usr/local/texlive/2014/texmf-dist/tex/latex/base/utf8.def)
(/usr/local/texlive/2014/texmf-dist/tex/latex/base/utf8.def) [21]
(/usr/local/texlive/2014/texmf-dist/tex/latex/base/utf8.def)
(/usr/local/texlive/2014/texmf-dist/tex/latex/base/utf8.def) [22]
(/usr/local/texlive/2014/texmf-dist/tex/latex/base/utf8.def) [23]
(/usr/local/texlive/2014/texmf-dist/tex/latex/base/utf8.def)
Overfull \hbox (26.90898pt too wide) in paragraph at lines 1336--1337
[]\T1/ptm/m/n/10 The fol-low-ing meth-ods are over-loaded for the Ten-sor class
: [][]\T1/zi4/m/n/10 dim-methods[][][]\T1/ptm/m/n/10 , [][]\T1/zi4/m/n/10 head-
methods[][][]\T1/ptm/m/n/10 , [][]\T1/zi4/m/n/10 tail-methods[][][]\T1/ptm/m/n/
10 ,
[24] [25] (/usr/local/texlive/2014/texmf-dist/tex/latex/base/utf8.def)
(/usr/local/texlive/2014/texmf-dist/tex/latex/base/utf8.def) [26]
(/usr/local/texlive/2014/texmf-dist/tex/latex/base/utf8.def) [27]
(/usr/local/texlive/2014/texmf-dist/tex/latex/base/utf8.def) [28] [29]
(/usr/local/texlive/2014/texmf-dist/tex/latex/base/utf8.def) [30]
(/usr/local/texlive/2014/texmf-dist/tex/latex/base/utf8.def)
Overfull \hbox (6.33807pt too wide) in paragraph at lines 1677--1678
[]\T1/ptm/m/n/10 TSVD for a 3-Tensor. Con-structs 3-Tensors \T1/zi4/m/n/10 U, S
, V \T1/ptm/m/n/10 such that \T1/zi4/m/n/10 tnsr = t_mult(t_mult(U,S),t(V))\T1/
ptm/m/n/10 .
(/usr/local/texlive/2014/texmf-dist/tex/latex/base/utf8.def) [31]
(/usr/local/texlive/2014/texmf-dist/tex/latex/base/utf8.def) [32]
(/usr/local/texlive/2014/texmf-dist/tex/latex/base/utf8.def) [33]
(/usr/local/texlive/2014/texmf-dist/tex/latex/base/utf8.def)
(/usr/local/texlive/2014/texmf-dist/tex/latex/base/utf8.def) [34]
No file Rd2.ind.
[35] (./Rd2.aux)

Package rerunfilecheck Warning: File `Rd2.out' has changed.
(rerunfilecheck)                Rerun to get outlines right
(rerunfilecheck)                or use package `bookmark'.

 )
(see the transcript file for additional information)pdfTeX warning (dest): name
{Rfn.print} has been referenced but does not exist, replaced by a fixed one

pdfTeX warning (dest): name{Rfn.show} has been referenced but does not exist, r
eplaced by a fixed one

pdfTeX warning (dest): name{Rfn.kronecker} has been referenced but does not exi
st, replaced by a fixed one

{/usr/local/texlive/2014/texmf-dist/fonts/enc/dvips/inconsolata/i4-ts1.enc}{/us
r/local/texlive/2014/texmf-dist/fonts/enc/dvips/base/8r.enc}{/usr/local/texlive
/2014/texmf-dist/fonts/enc/dvips/inconsolata/i4-t1-0.enc}</usr/local/texlive/20
14/texmf-dist/fonts/type1/public/inconsolata/Inconsolata-zi4r.pfb></usr/local/t
exlive/2014/texmf-dist/fonts/type1/urw/helvetic/uhvr8a.pfb></usr/local/texlive/
2014/texmf-dist/fonts/type1/urw/times/utmb8a.pfb></usr/local/texlive/2014/texmf
-dist/fonts/type1/urw/times/utmr8a.pfb></usr/local/texlive/2014/texmf-dist/font
s/type1/urw/times/utmr8a.pfb></usr/local/texlive/2014/texmf-dist/fonts/type1/ur
w/times/utmri8a.pfb>
Output written on Rd2.pdf (35 pages, 136351 bytes).
Transcript written on Rd2.log.
This is makeindex, version 2.15 [TeX Live 2014] (kpathsea + Thai support).
Scanning input file ./Rd2.idx....done (144 entries accepted, 41 rejected).
Sorting entries....done (1080 comparisons).
Generating output file ./Rd2.ind....done (210 lines written, 1 warning).
Output written in ./Rd2.ind.
Transcript written in ./Rd2.ilg.
This is pdfTeX, Version 3.14159265-2.6-1.40.15 (TeX Live 2014) (preloaded format=pdflatex)
 restricted \write18 enabled.
entering extended mode

(/private/var/folders/sq/q7jfyjcn0nnfz14cpmbsbt7r002mk0/T/Rtmp4krcK6/Rd2pdfc2ed
6467f36c/Rd2.tex
LaTeX2e <2014/05/01>
Babel <3.9k> and hyphenation patterns for 78 languages loaded.

(/usr/local/texlive/2014/texmf-dist/tex/latex/base/book.cls
Document Class: book 2007/10/19 v1.4h Standard LaTeX document class
(/usr/local/texlive/2014/texmf-dist/tex/latex/base/bk10.clo))
(/Library/Frameworks/R.framework/Resources/share/texmf/tex/latex/Rd.sty
(/usr/local/texlive/2014/texmf-dist/tex/latex/base/ifthen.sty)
(/usr/local/texlive/2014/texmf-dist/tex/latex/tools/longtable.sty)
(/usr/local/texlive/2014/texmf-dist/tex/latex/tools/bm.sty)
(/usr/local/texlive/2014/texmf-dist/tex/latex/base/alltt.sty)
(/usr/local/texlive/2014/texmf-dist/tex/latex/tools/verbatim.sty)
(/usr/local/texlive/2014/texmf-dist/tex/latex/url/url.sty)
(/usr/local/texlive/2014/texmf-dist/tex/latex/base/textcomp.sty
(/usr/local/texlive/2014/texmf-dist/tex/latex/base/ts1enc.def))
(/usr/local/texlive/2014/texmf-dist/tex/latex/base/fontenc.sty
(/usr/local/texlive/2014/texmf-dist/tex/latex/base/t1enc.def))
(/usr/local/texlive/2014/texmf-dist/tex/latex/psnfss/times.sty)
(/usr/local/texlive/2014/texmf-dist/tex/latex/inconsolata/inconsolata.sty
(/usr/local/texlive/2014/texmf-dist/tex/latex/graphics/keyval.sty))
(/usr/local/texlive/2014/texmf-dist/tex/latex/graphics/color.sty
(/usr/local/texlive/2014/texmf-dist/tex/latex/latexconfig/color.cfg)
(/usr/local/texlive/2014/texmf-dist/tex/latex/pdftex-def/pdftex.def
(/usr/local/texlive/2014/texmf-dist/tex/generic/oberdiek/infwarerr.sty)
(/usr/local/texlive/2014/texmf-dist/tex/generic/oberdiek/ltxcmds.sty)))
(/usr/local/texlive/2014/texmf-dist/tex/latex/hyperref/hyperref.sty
(/usr/local/texlive/2014/texmf-dist/tex/generic/oberdiek/hobsub-hyperref.sty
(/usr/local/texlive/2014/texmf-dist/tex/generic/oberdiek/hobsub-generic.sty))
(/usr/local/texlive/2014/texmf-dist/tex/generic/ifxetex/ifxetex.sty)
(/usr/local/texlive/2014/texmf-dist/tex/latex/oberdiek/auxhook.sty)
(/usr/local/texlive/2014/texmf-dist/tex/latex/oberdiek/kvoptions.sty)
(/usr/local/texlive/2014/texmf-dist/tex/latex/hyperref/pd1enc.def)
(/usr/local/texlive/2014/texmf-dist/tex/latex/latexconfig/hyperref.cfg))

Package hyperref Message: Driver (autodetected): hpdftex.

(/usr/local/texlive/2014/texmf-dist/tex/latex/hyperref/hpdftex.def
(/usr/local/texlive/2014/texmf-dist/tex/latex/oberdiek/rerunfilecheck.sty))

Package hyperref Warning: Option `hyperindex' has already been used,
(hyperref)                setting the option has no effect on input line 361.


Package hyperref Warning: Option `pagebackref' has already been used,
(hyperref)                setting the option has no effect on input line 361.

) (/usr/local/texlive/2014/texmf-dist/tex/latex/base/makeidx.sty)
(/usr/local/texlive/2014/texmf-dist/tex/latex/base/inputenc.sty
(/usr/local/texlive/2014/texmf-dist/tex/latex/base/utf8.def
(/usr/local/texlive/2014/texmf-dist/tex/latex/base/t1enc.dfu)
(/usr/local/texlive/2014/texmf-dist/tex/latex/base/ot1enc.dfu)
(/usr/local/texlive/2014/texmf-dist/tex/latex/base/omsenc.dfu)
(/usr/local/texlive/2014/texmf-dist/tex/latex/base/ts1enc.dfu))
(/usr/local/texlive/2014/texmf-dist/tex/latex/base/latin1.def))
Writing index file Rd2.idx
(./Rd2.aux) (/usr/local/texlive/2014/texmf-dist/tex/latex/base/ts1cmr.fd)
(/usr/local/texlive/2014/texmf-dist/tex/latex/psnfss/t1ptm.fd)
(/usr/local/texlive/2014/texmf-dist/tex/latex/upquote/upquote.sty)
(/usr/local/texlive/2014/texmf-dist/tex/context/base/supp-pdf.mkii
[Loading MPS to PDF converter (version 2006.09.02).]
) (/usr/local/texlive/2014/texmf-dist/tex/latex/hyperref/nameref.sty
(/usr/local/texlive/2014/texmf-dist/tex/generic/oberdiek/gettitlestring.sty))
(./Rd2.out) (./Rd2.out)
(/usr/local/texlive/2014/texmf-dist/tex/latex/inconsolata/t1zi4.fd)
(/usr/local/texlive/2014/texmf-dist/tex/latex/psnfss/ts1ptm.fd)
(/usr/local/texlive/2014/texmf-dist/tex/latex/psnfss/t1phv.fd) (./Rd2.toc
[1{/usr/local/texlive/2014/texmf-var/fonts/map/pdftex/updmap/pdftex.map}])
(/usr/local/texlive/2014/texmf-dist/tex/latex/base/utf8.def) [2]
(/usr/local/texlive/2014/texmf-dist/tex/latex/base/utf8.def) [3]
(/usr/local/texlive/2014/texmf-dist/tex/latex/base/utf8.def) [4]
(/usr/local/texlive/2014/texmf-dist/tex/latex/base/utf8.def) [5]
(/usr/local/texlive/2014/texmf-dist/tex/latex/base/utf8.def)
(/usr/local/texlive/2014/texmf-dist/tex/latex/inconsolata/ts1zi4.fd)
(/usr/local/texlive/2014/texmf-dist/tex/latex/base/utf8.def) [6]
(/usr/local/texlive/2014/texmf-dist/tex/latex/base/utf8.def) [7]
(/usr/local/texlive/2014/texmf-dist/tex/latex/base/utf8.def)
Overfull \hbox (17.89801pt too wide) in paragraph at lines 321--322
[]\T1/ptm/m/n/10 General fold-ing of a ma-trix into a Ten-sor. This is de-signe
d to be the in-verse func-tion to [][]\T1/zi4/m/n/10 unfold-methods[][][]\T1/pt
m/m/n/10 ,
(/usr/local/texlive/2014/texmf-dist/tex/latex/base/utf8.def) [8]
(/usr/local/texlive/2014/texmf-dist/tex/latex/base/utf8.def) [9]
(/usr/local/texlive/2014/texmf-dist/tex/latex/base/utf8.def) [10]
(/usr/local/texlive/2014/texmf-dist/tex/latex/base/utf8.def)
(/usr/local/texlive/2014/texmf-dist/tex/latex/base/utf8.def) [11]
(/usr/local/texlive/2014/texmf-dist/tex/latex/base/utf8.def) [12]
(/usr/local/texlive/2014/texmf-dist/tex/latex/base/utf8.def)
(/usr/local/texlive/2014/texmf-dist/tex/latex/base/utf8.def) [13]
(/usr/local/texlive/2014/texmf-dist/tex/latex/base/utf8.def) [14]
(/usr/local/texlive/2014/texmf-dist/tex/latex/base/utf8.def) [15]
(/usr/local/texlive/2014/texmf-dist/tex/latex/base/utf8.def)
(/usr/local/texlive/2014/texmf-dist/tex/latex/base/utf8.def) [16]
(/usr/local/texlive/2014/texmf-dist/tex/latex/base/utf8.def) [17]
(/usr/local/texlive/2014/texmf-dist/tex/latex/base/utf8.def) [18]
(/usr/local/texlive/2014/texmf-dist/tex/latex/base/utf8.def) [19]
(/usr/local/texlive/2014/texmf-dist/tex/latex/base/utf8.def)
(/usr/local/texlive/2014/texmf-dist/tex/latex/base/utf8.def) [20]
Overfull \hbox (3.3858pt too wide) in paragraph at lines 1070--1071
[]\T1/ptm/m/n/10 The de-fault Pop-u-la-tion Value De-com-po-si-tion (PVD) of a 
se-ries of 2D im-ages. Con-structs population-
(/usr/local/texlive/2014/texmf-dist/tex/latex/base/utf8.def) [21]
(/usr/local/texlive/2014/texmf-dist/tex/latex/base/utf8.def)
(/usr/local/texlive/2014/texmf-dist/tex/latex/base/utf8.def) [22]
(/usr/local/texlive/2014/texmf-dist/tex/latex/base/utf8.def)
(/usr/local/texlive/2014/texmf-dist/tex/latex/base/utf8.def) [23]
(/usr/local/texlive/2014/texmf-dist/tex/latex/base/utf8.def) [24]
(/usr/local/texlive/2014/texmf-dist/tex/latex/base/utf8.def)
Overfull \hbox (26.90898pt too wide) in paragraph at lines 1336--1337
[]\T1/ptm/m/n/10 The fol-low-ing meth-ods are over-loaded for the Ten-sor class
: [][]\T1/zi4/m/n/10 dim-methods[][][]\T1/ptm/m/n/10 , [][]\T1/zi4/m/n/10 head-
methods[][][]\T1/ptm/m/n/10 , [][]\T1/zi4/m/n/10 tail-methods[][][]\T1/ptm/m/n/
10 ,
[25] [26] (/usr/local/texlive/2014/texmf-dist/tex/latex/base/utf8.def)
(/usr/local/texlive/2014/texmf-dist/tex/latex/base/utf8.def) [27]
(/usr/local/texlive/2014/texmf-dist/tex/latex/base/utf8.def) [28]
(/usr/local/texlive/2014/texmf-dist/tex/latex/base/utf8.def) [29] [30]
(/usr/local/texlive/2014/texmf-dist/tex/latex/base/utf8.def) [31]
(/usr/local/texlive/2014/texmf-dist/tex/latex/base/utf8.def)
Overfull \hbox (6.33807pt too wide) in paragraph at lines 1677--1678
[]\T1/ptm/m/n/10 TSVD for a 3-Tensor. Con-structs 3-Tensors \T1/zi4/m/n/10 U, S
, V \T1/ptm/m/n/10 such that \T1/zi4/m/n/10 tnsr = t_mult(t_mult(U,S),t(V))\T1/
ptm/m/n/10 .
(/usr/local/texlive/2014/texmf-dist/tex/latex/base/utf8.def) [32]
(/usr/local/texlive/2014/texmf-dist/tex/latex/base/utf8.def) [33]
(/usr/local/texlive/2014/texmf-dist/tex/latex/base/utf8.def) [34]
(/usr/local/texlive/2014/texmf-dist/tex/latex/base/utf8.def)
(/usr/local/texlive/2014/texmf-dist/tex/latex/base/utf8.def) [35] (./Rd2.ind
[36]

LaTeX Font Warning: Font shape `T1/zi4/m/it' undefined
(Font)              using `T1/zi4/m/n' instead on input line 3.

[37] [38]) (./Rd2.aux)

Package rerunfilecheck Warning: File `Rd2.out' has changed.
(rerunfilecheck)                Rerun to get outlines right
(rerunfilecheck)                or use package `bookmark'.


LaTeX Font Warning: Some font shapes were not available, defaults substituted.

 )
(see the transcript file for additional information)pdfTeX warning (dest): name
{Rfn.print} has been referenced but does not exist, replaced by a fixed one

pdfTeX warning (dest): name{Rfn.show} has been referenced but does not exist, r
eplaced by a fixed one

pdfTeX warning (dest): name{Rfn.kronecker} has been referenced but does not exi
st, replaced by a fixed one

{/usr/local/texlive/2014/texmf-dist/fonts/enc/dvips/inconsolata/i4-ts1.enc}{/us
r/local/texlive/2014/texmf-dist/fonts/enc/dvips/base/8r.enc}{/usr/local/texlive
/2014/texmf-dist/fonts/enc/dvips/inconsolata/i4-t1-0.enc}</usr/local/texlive/20
14/texmf-dist/fonts/type1/public/inconsolata/Inconsolata-zi4r.pfb></usr/local/t
exlive/2014/texmf-dist/fonts/type1/urw/helvetic/uhvr8a.pfb></usr/local/texlive/
2014/texmf-dist/fonts/type1/urw/times/utmb8a.pfb></usr/local/texlive/2014/texmf
-dist/fonts/type1/urw/times/utmr8a.pfb></usr/local/texlive/2014/texmf-dist/font
s/type1/urw/times/utmr8a.pfb></usr/local/texlive/2014/texmf-dist/fonts/type1/ur
w/times/utmri8a.pfb>
Output written on Rd2.pdf (38 pages, 150029 bytes).
Transcript written on Rd2.log.
This is makeindex, version 2.15 [TeX Live 2014] (kpathsea + Thai support).
Scanning input file ./Rd2.idx....done (144 entries accepted, 41 rejected).
Sorting entries....done (1080 comparisons).
Generating output file ./Rd2.ind....done (210 lines written, 1 warning).
Output written in ./Rd2.ind.
Transcript written in ./Rd2.ilg.
This is pdfTeX, Version 3.14159265-2.6-1.40.15 (TeX Live 2014) (preloaded format=pdflatex)
 restricted \write18 enabled.
entering extended mode

(/private/var/folders/sq/q7jfyjcn0nnfz14cpmbsbt7r002mk0/T/Rtmp4krcK6/Rd2pdfc2ed
6467f36c/Rd2.tex
LaTeX2e <2014/05/01>
Babel <3.9k> and hyphenation patterns for 78 languages loaded.

(/usr/local/texlive/2014/texmf-dist/tex/latex/base/book.cls
Document Class: book 2007/10/19 v1.4h Standard LaTeX document class
(/usr/local/texlive/2014/texmf-dist/tex/latex/base/bk10.clo))
(/Library/Frameworks/R.framework/Resources/share/texmf/tex/latex/Rd.sty
(/usr/local/texlive/2014/texmf-dist/tex/latex/base/ifthen.sty)
(/usr/local/texlive/2014/texmf-dist/tex/latex/tools/longtable.sty)
(/usr/local/texlive/2014/texmf-dist/tex/latex/tools/bm.sty)
(/usr/local/texlive/2014/texmf-dist/tex/latex/base/alltt.sty)
(/usr/local/texlive/2014/texmf-dist/tex/latex/tools/verbatim.sty)
(/usr/local/texlive/2014/texmf-dist/tex/latex/url/url.sty)
(/usr/local/texlive/2014/texmf-dist/tex/latex/base/textcomp.sty
(/usr/local/texlive/2014/texmf-dist/tex/latex/base/ts1enc.def))
(/usr/local/texlive/2014/texmf-dist/tex/latex/base/fontenc.sty
(/usr/local/texlive/2014/texmf-dist/tex/latex/base/t1enc.def))
(/usr/local/texlive/2014/texmf-dist/tex/latex/psnfss/times.sty)
(/usr/local/texlive/2014/texmf-dist/tex/latex/inconsolata/inconsolata.sty
(/usr/local/texlive/2014/texmf-dist/tex/latex/graphics/keyval.sty))
(/usr/local/texlive/2014/texmf-dist/tex/latex/graphics/color.sty
(/usr/local/texlive/2014/texmf-dist/tex/latex/latexconfig/color.cfg)
(/usr/local/texlive/2014/texmf-dist/tex/latex/pdftex-def/pdftex.def
(/usr/local/texlive/2014/texmf-dist/tex/generic/oberdiek/infwarerr.sty)
(/usr/local/texlive/2014/texmf-dist/tex/generic/oberdiek/ltxcmds.sty)))
(/usr/local/texlive/2014/texmf-dist/tex/latex/hyperref/hyperref.sty
(/usr/local/texlive/2014/texmf-dist/tex/generic/oberdiek/hobsub-hyperref.sty
(/usr/local/texlive/2014/texmf-dist/tex/generic/oberdiek/hobsub-generic.sty))
(/usr/local/texlive/2014/texmf-dist/tex/generic/ifxetex/ifxetex.sty)
(/usr/local/texlive/2014/texmf-dist/tex/latex/oberdiek/auxhook.sty)
(/usr/local/texlive/2014/texmf-dist/tex/latex/oberdiek/kvoptions.sty)
(/usr/local/texlive/2014/texmf-dist/tex/latex/hyperref/pd1enc.def)
(/usr/local/texlive/2014/texmf-dist/tex/latex/latexconfig/hyperref.cfg))

Package hyperref Message: Driver (autodetected): hpdftex.

(/usr/local/texlive/2014/texmf-dist/tex/latex/hyperref/hpdftex.def
(/usr/local/texlive/2014/texmf-dist/tex/latex/oberdiek/rerunfilecheck.sty))

Package hyperref Warning: Option `hyperindex' has already been used,
(hyperref)                setting the option has no effect on input line 361.


Package hyperref Warning: Option `pagebackref' has already been used,
(hyperref)                setting the option has no effect on input line 361.

) (/usr/local/texlive/2014/texmf-dist/tex/latex/base/makeidx.sty)
(/usr/local/texlive/2014/texmf-dist/tex/latex/base/inputenc.sty
(/usr/local/texlive/2014/texmf-dist/tex/latex/base/utf8.def
(/usr/local/texlive/2014/texmf-dist/tex/latex/base/t1enc.dfu)
(/usr/local/texlive/2014/texmf-dist/tex/latex/base/ot1enc.dfu)
(/usr/local/texlive/2014/texmf-dist/tex/latex/base/omsenc.dfu)
(/usr/local/texlive/2014/texmf-dist/tex/latex/base/ts1enc.dfu))
(/usr/local/texlive/2014/texmf-dist/tex/latex/base/latin1.def))
Writing index file Rd2.idx
(./Rd2.aux) (/usr/local/texlive/2014/texmf-dist/tex/latex/base/ts1cmr.fd)
(/usr/local/texlive/2014/texmf-dist/tex/latex/psnfss/t1ptm.fd)
(/usr/local/texlive/2014/texmf-dist/tex/latex/upquote/upquote.sty)
(/usr/local/texlive/2014/texmf-dist/tex/context/base/supp-pdf.mkii
[Loading MPS to PDF converter (version 2006.09.02).]
) (/usr/local/texlive/2014/texmf-dist/tex/latex/hyperref/nameref.sty
(/usr/local/texlive/2014/texmf-dist/tex/generic/oberdiek/gettitlestring.sty))
(./Rd2.out) (./Rd2.out)
(/usr/local/texlive/2014/texmf-dist/tex/latex/inconsolata/t1zi4.fd)
(/usr/local/texlive/2014/texmf-dist/tex/latex/psnfss/ts1ptm.fd)
(/usr/local/texlive/2014/texmf-dist/tex/latex/psnfss/t1phv.fd) (./Rd2.toc
[1{/usr/local/texlive/2014/texmf-var/fonts/map/pdftex/updmap/pdftex.map}])
(/usr/local/texlive/2014/texmf-dist/tex/latex/base/utf8.def) [2]
(/usr/local/texlive/2014/texmf-dist/tex/latex/base/utf8.def) [3]
(/usr/local/texlive/2014/texmf-dist/tex/latex/base/utf8.def) [4]
(/usr/local/texlive/2014/texmf-dist/tex/latex/base/utf8.def) [5]
(/usr/local/texlive/2014/texmf-dist/tex/latex/base/utf8.def)
(/usr/local/texlive/2014/texmf-dist/tex/latex/inconsolata/ts1zi4.fd)
(/usr/local/texlive/2014/texmf-dist/tex/latex/base/utf8.def) [6]
(/usr/local/texlive/2014/texmf-dist/tex/latex/base/utf8.def) [7]
(/usr/local/texlive/2014/texmf-dist/tex/latex/base/utf8.def)
Overfull \hbox (17.89801pt too wide) in paragraph at lines 321--322
[]\T1/ptm/m/n/10 General fold-ing of a ma-trix into a Ten-sor. This is de-signe
d to be the in-verse func-tion to [][]\T1/zi4/m/n/10 unfold-methods[][][]\T1/pt
m/m/n/10 ,
(/usr/local/texlive/2014/texmf-dist/tex/latex/base/utf8.def) [8]
(/usr/local/texlive/2014/texmf-dist/tex/latex/base/utf8.def) [9]
(/usr/local/texlive/2014/texmf-dist/tex/latex/base/utf8.def) [10]
(/usr/local/texlive/2014/texmf-dist/tex/latex/base/utf8.def)
(/usr/local/texlive/2014/texmf-dist/tex/latex/base/utf8.def) [11]
(/usr/local/texlive/2014/texmf-dist/tex/latex/base/utf8.def) [12]
(/usr/local/texlive/2014/texmf-dist/tex/latex/base/utf8.def)
(/usr/local/texlive/2014/texmf-dist/tex/latex/base/utf8.def) [13]
(/usr/local/texlive/2014/texmf-dist/tex/latex/base/utf8.def) [14]
(/usr/local/texlive/2014/texmf-dist/tex/latex/base/utf8.def) [15]
(/usr/local/texlive/2014/texmf-dist/tex/latex/base/utf8.def)
(/usr/local/texlive/2014/texmf-dist/tex/latex/base/utf8.def) [16]
(/usr/local/texlive/2014/texmf-dist/tex/latex/base/utf8.def) [17]
(/usr/local/texlive/2014/texmf-dist/tex/latex/base/utf8.def) [18]
(/usr/local/texlive/2014/texmf-dist/tex/latex/base/utf8.def) [19]
(/usr/local/texlive/2014/texmf-dist/tex/latex/base/utf8.def)
(/usr/local/texlive/2014/texmf-dist/tex/latex/base/utf8.def) [20]
Overfull \hbox (3.3858pt too wide) in paragraph at lines 1070--1071
[]\T1/ptm/m/n/10 The de-fault Pop-u-la-tion Value De-com-po-si-tion (PVD) of a 
se-ries of 2D im-ages. Con-structs population-
(/usr/local/texlive/2014/texmf-dist/tex/latex/base/utf8.def) [21]
(/usr/local/texlive/2014/texmf-dist/tex/latex/base/utf8.def)
(/usr/local/texlive/2014/texmf-dist/tex/latex/base/utf8.def) [22]
(/usr/local/texlive/2014/texmf-dist/tex/latex/base/utf8.def)
(/usr/local/texlive/2014/texmf-dist/tex/latex/base/utf8.def) [23]
(/usr/local/texlive/2014/texmf-dist/tex/latex/base/utf8.def) [24]
(/usr/local/texlive/2014/texmf-dist/tex/latex/base/utf8.def)
Overfull \hbox (26.90898pt too wide) in paragraph at lines 1336--1337
[]\T1/ptm/m/n/10 The fol-low-ing meth-ods are over-loaded for the Ten-sor class
: [][]\T1/zi4/m/n/10 dim-methods[][][]\T1/ptm/m/n/10 , [][]\T1/zi4/m/n/10 head-
methods[][][]\T1/ptm/m/n/10 , [][]\T1/zi4/m/n/10 tail-methods[][][]\T1/ptm/m/n/
10 ,
[25] [26] (/usr/local/texlive/2014/texmf-dist/tex/latex/base/utf8.def)
(/usr/local/texlive/2014/texmf-dist/tex/latex/base/utf8.def) [27]
(/usr/local/texlive/2014/texmf-dist/tex/latex/base/utf8.def) [28]
(/usr/local/texlive/2014/texmf-dist/tex/latex/base/utf8.def) [29] [30]
(/usr/local/texlive/2014/texmf-dist/tex/latex/base/utf8.def) [31]
(/usr/local/texlive/2014/texmf-dist/tex/latex/base/utf8.def)
Overfull \hbox (6.33807pt too wide) in paragraph at lines 1677--1678
[]\T1/ptm/m/n/10 TSVD for a 3-Tensor. Con-structs 3-Tensors \T1/zi4/m/n/10 U, S
, V \T1/ptm/m/n/10 such that \T1/zi4/m/n/10 tnsr = t_mult(t_mult(U,S),t(V))\T1/
ptm/m/n/10 .
(/usr/local/texlive/2014/texmf-dist/tex/latex/base/utf8.def) [32]
(/usr/local/texlive/2014/texmf-dist/tex/latex/base/utf8.def) [33]
(/usr/local/texlive/2014/texmf-dist/tex/latex/base/utf8.def) [34]
(/usr/local/texlive/2014/texmf-dist/tex/latex/base/utf8.def)
(/usr/local/texlive/2014/texmf-dist/tex/latex/base/utf8.def) [35] (./Rd2.ind
[36]

LaTeX Font Warning: Font shape `T1/zi4/m/it' undefined
(Font)              using `T1/zi4/m/n' instead on input line 3.

[37] [38]) (./Rd2.aux)

LaTeX Font Warning: Some font shapes were not available, defaults substituted.

 )
(see the transcript file for additional information)pdfTeX warning (dest): name
{Rfn.print} has been referenced but does not exist, replaced by a fixed one

pdfTeX warning (dest): name{Rfn.show} has been referenced but does not exist, r
eplaced by a fixed one

pdfTeX warning (dest): name{Rfn.kronecker} has been referenced but does not exi
st, replaced by a fixed one

{/usr/local/texlive/2014/texmf-dist/fonts/enc/dvips/inconsolata/i4-ts1.enc}{/us
r/local/texlive/2014/texmf-dist/fonts/enc/dvips/base/8r.enc}{/usr/local/texlive
/2014/texmf-dist/fonts/enc/dvips/inconsolata/i4-t1-0.enc}</usr/local/texlive/20
14/texmf-dist/fonts/type1/public/inconsolata/Inconsolata-zi4r.pfb></usr/local/t
exlive/2014/texmf-dist/fonts/type1/urw/helvetic/uhvr8a.pfb></usr/local/texlive/
2014/texmf-dist/fonts/type1/urw/times/utmb8a.pfb></usr/local/texlive/2014/texmf
-dist/fonts/type1/urw/times/utmr8a.pfb></usr/local/texlive/2014/texmf-dist/font
s/type1/urw/times/utmr8a.pfb></usr/local/texlive/2014/texmf-dist/fonts/type1/ur
w/times/utmri8a.pfb>
Output written on Rd2.pdf (38 pages, 150847 bytes).
Transcript written on Rd2.log.
Saving output to 'rTensor-manual.pdf' ...
Done
You may want to clean up by 'rm -rf /var/folders/sq/q7jfyjcn0nnfz14cpmbsbt7r002mk0/T//Rtmp4krcK6/Rd2pdfc2ed6467f36c'
